<?xml version="1.0" encoding="UTF-8"?>
<!-- Generated by org.testng.reporters.JUnitReportReporter -->
<testsuite hostname="DESKTOP-451F43I" name="Academy.LoginTest" tests="1" failures="0" timestamp="5 Mar 2018 03:41:42 GMT" time="16.236" errors="0">
  <testcase name="userLoginFunctinality" time="16.236" classname="Academy.LoginTest"/>
</testsuite> <!-- Academy.LoginTest -->
