<?xml version="1.0" encoding="UTF-8"?>
<!-- Generated by org.testng.reporters.JUnitReportReporter -->
<testsuite skipped="0" hostname="DESKTOP-451F43I" name="Academy.HomePage" tests="2" failures="0" timestamp="07 Mar 2018 14:20:21 GMT" time="30.418" errors="0">
  <testcase name="HomePageNavigation" time="19.009" classname="Academy.HomePage"/>
  <testcase name="HomePageNavigation" time="11.409" classname="Academy.HomePage"/>
</testsuite> <!-- Academy.HomePage -->
