<?xml version="1.0" encoding="UTF-8"?>
<!-- Generated by org.testng.reporters.JUnitReportReporter -->
<testsuite hostname="DESKTOP-451F43I" name="Academy.AppTest" tests="1" failures="0" timestamp="5 Mar 2018 18:30:51 GMT" time="0.016" errors="0">
  <testcase name="testApp" time="0.016" classname="Academy.AppTest"/>
</testsuite> <!-- Academy.AppTest -->
