<?xml version="1.0" encoding="UTF-8"?>
<!-- Generated by org.testng.reporters.JUnitReportReporter -->
<testsuite hostname="DESKTOP-451F43I" name="Academy.HomePage" tests="2" failures="0" timestamp="6 Mar 2018 04:45:45 GMT" time="33.069" errors="0">
  <testcase name="HomePageNavigation" time="10.142" classname="Academy.HomePage"/>
  <testcase name="HomePageNavigation" time="22.927" classname="Academy.HomePage"/>
</testsuite> <!-- Academy.HomePage -->
