<?xml version="1.0" encoding="UTF-8"?>
<!-- Generated by org.testng.reporters.JUnitReportReporter -->
<testsuite hostname="DESKTOP-451F43I" name="Academy.validateNavigation" tests="1" failures="0" timestamp="6 Mar 2018 04:45:45 GMT" time="0.460" errors="0">
  <testcase name="NavigationbarValidation" time="0.460" classname="Academy.validateNavigation"/>
</testsuite> <!-- Academy.validateNavigation -->
